mode: set
github.com/rdenman/bookings/internal/render/render.go:21.40,23.2 1 1
github.com/rdenman/bookings/internal/render/render.go:25.86,31.2 5 1
github.com/rdenman/bookings/internal/render/render.go:33.107,35.18 2 1
github.com/rdenman/bookings/internal/render/render.go:41.2,42.9 2 1
github.com/rdenman/bookings/internal/render/render.go:46.2,53.16 5 1
github.com/rdenman/bookings/internal/render/render.go:58.2,58.12 1 1
github.com/rdenman/bookings/internal/render/render.go:35.18,37.3 1 0
github.com/rdenman/bookings/internal/render/render.go:37.8,39.3 1 1
github.com/rdenman/bookings/internal/render/render.go:42.9,44.3 1 1
github.com/rdenman/bookings/internal/render/render.go:53.16,56.3 2 0
github.com/rdenman/bookings/internal/render/render.go:61.67,65.16 3 1
github.com/rdenman/bookings/internal/render/render.go:69.2,69.29 1 1
github.com/rdenman/bookings/internal/render/render.go:91.2,91.19 1 1
github.com/rdenman/bookings/internal/render/render.go:65.16,67.3 1 0
github.com/rdenman/bookings/internal/render/render.go:69.29,72.17 3 1
github.com/rdenman/bookings/internal/render/render.go:76.3,77.17 2 1
github.com/rdenman/bookings/internal/render/render.go:81.3,81.23 1 1
github.com/rdenman/bookings/internal/render/render.go:88.3,88.19 1 1
github.com/rdenman/bookings/internal/render/render.go:72.17,74.4 1 0
github.com/rdenman/bookings/internal/render/render.go:77.17,79.4 1 0
github.com/rdenman/bookings/internal/render/render.go:81.23,83.18 2 1
github.com/rdenman/bookings/internal/render/render.go:83.18,85.5 1 0
