mode: set
github.com/rdenman/bookings/internal/handlers/handlers.go:21.47,25.2 1 1
github.com/rdenman/bookings/internal/handlers/handlers.go:27.33,29.2 1 1
github.com/rdenman/bookings/internal/handlers/handlers.go:32.69,36.2 3 1
github.com/rdenman/bookings/internal/handlers/handlers.go:39.70,47.2 5 1
github.com/rdenman/bookings/internal/handlers/handlers.go:49.76,57.2 4 1
github.com/rdenman/bookings/internal/handlers/handlers.go:59.80,61.16 2 1
github.com/rdenman/bookings/internal/handlers/handlers.go:66.2,79.19 6 1
github.com/rdenman/bookings/internal/handlers/handlers.go:90.2,91.68 2 1
github.com/rdenman/bookings/internal/handlers/handlers.go:61.16,64.3 2 0
github.com/rdenman/bookings/internal/handlers/handlers.go:79.19,88.3 4 0
github.com/rdenman/bookings/internal/handlers/handlers.go:94.73,96.2 1 1
github.com/rdenman/bookings/internal/handlers/handlers.go:98.71,100.2 1 1
github.com/rdenman/bookings/internal/handlers/handlers.go:102.77,104.2 1 1
github.com/rdenman/bookings/internal/handlers/handlers.go:106.81,110.2 3 1
github.com/rdenman/bookings/internal/handlers/handlers.go:117.81,120.16 3 1
github.com/rdenman/bookings/internal/handlers/handlers.go:124.2,125.14 2 1
github.com/rdenman/bookings/internal/handlers/handlers.go:120.16,122.3 1 0
github.com/rdenman/bookings/internal/handlers/handlers.go:128.72,130.2 1 1
github.com/rdenman/bookings/internal/handlers/handlers.go:132.83,134.9 2 1
github.com/rdenman/bookings/internal/handlers/handlers.go:141.2,147.4 4 0
github.com/rdenman/bookings/internal/handlers/handlers.go:134.9,139.3 4 1
